[0.044s] Invoking command in '/home/soda/tugbot_ws/build/tugbot_navigation': CMAKE_PREFIX_PATH=/opt/ros/humble /usr/bin/cmake /home/soda/tugbot_ws/src/tugbot_navigation -DAMENT_CMAKE_SYMLINK_INSTALL=1 -DCMAKE_INSTALL_PREFIX=/home/soda/tugbot_ws/install/tugbot_navigation
[0.178s] -- The C compiler identification is GNU 11.4.0
[0.296s] -- The CXX compiler identification is GNU 11.4.0
[0.311s] -- Detecting C compiler ABI info
[0.448s] -- Detecting C compiler ABI info - done
[0.462s] -- Check for working C compiler: /usr/bin/cc - skipped
[0.463s] -- Detecting C compile features
[0.464s] -- Detecting C compile features - done
[0.473s] -- Detecting CXX compiler ABI info
[0.715s] -- Detecting CXX compiler ABI info - done
[0.729s] -- Check for working CXX compiler: /usr/bin/c++ - skipped
[0.730s] -- Detecting CXX compile features
[0.731s] -- Detecting CXX compile features - done
[0.736s] -- Found ament_cmake: 1.3.9 (/opt/ros/humble/share/ament_cmake/cmake)
[2.548s] -- Found Python3: /usr/bin/python3 (found version "3.10.12") found components: Interpreter 
[2.728s] -- Override CMake install command with custom implementation using symlinks instead of copying resources
[2.781s] -- Found ament_lint_auto: 0.12.11 (/opt/ros/humble/share/ament_lint_auto/cmake)
[3.015s] -- Added test 'flake8' to check Python code syntax and style conventions
[3.016s] -- Added test 'lint_cmake' to check CMake code style
[3.016s] -- Added test 'pep257' to check Python code against some of the docstring style conventions in PEP 257
[3.018s] -- Added test 'xmllint' to check XML markup files
[3.022s] -- Configuring done
[3.030s] -- Generating done
[3.032s] -- Build files have been written to: /home/soda/tugbot_ws/build/tugbot_navigation
[3.045s] Invoked command in '/home/soda/tugbot_ws/build/tugbot_navigation' returned '0': CMAKE_PREFIX_PATH=/opt/ros/humble /usr/bin/cmake /home/soda/tugbot_ws/src/tugbot_navigation -DAMENT_CMAKE_SYMLINK_INSTALL=1 -DCMAKE_INSTALL_PREFIX=/home/soda/tugbot_ws/install/tugbot_navigation
[3.046s] Invoking command in '/home/soda/tugbot_ws/build/tugbot_navigation': CMAKE_PREFIX_PATH=/opt/ros/humble /usr/bin/cmake --build /home/soda/tugbot_ws/build/tugbot_navigation -- -j8 -l8
[3.134s] Invoked command in '/home/soda/tugbot_ws/build/tugbot_navigation' returned '0': CMAKE_PREFIX_PATH=/opt/ros/humble /usr/bin/cmake --build /home/soda/tugbot_ws/build/tugbot_navigation -- -j8 -l8
[3.197s] Invoking command in '/home/soda/tugbot_ws/build/tugbot_navigation': CMAKE_PREFIX_PATH=/opt/ros/humble /usr/bin/cmake --install /home/soda/tugbot_ws/build/tugbot_navigation
[3.226s] -- Install configuration: ""
[3.227s] -- Execute custom install script
[3.230s] -- Symlinking: /home/soda/tugbot_ws/install/tugbot_navigation/share/tugbot_navigation/launch/navigation.launch.py
[3.246s] -- Symlinking: /home/soda/tugbot_ws/install/tugbot_navigation/share/tugbot_navigation/params/param.yaml
[3.271s] -- Symlinking: /home/soda/tugbot_ws/install/tugbot_navigation/share/tugbot_navigation/maps/my_map.pgm
[3.299s] -- Symlinking: /home/soda/tugbot_ws/install/tugbot_navigation/share/tugbot_navigation/maps/my_map.yaml
[3.324s] -- Symlinking: /home/soda/tugbot_ws/install/tugbot_navigation/share/tugbot_navigation/rviz/nav.rviz
[3.342s] -- Symlinking: /home/soda/tugbot_ws/install/tugbot_navigation/share/ament_index/resource_index/package_run_dependencies/tugbot_navigation
[3.369s] -- Symlinking: /home/soda/tugbot_ws/install/tugbot_navigation/share/ament_index/resource_index/parent_prefix_path/tugbot_navigation
[3.383s] -- Symlinking: /home/soda/tugbot_ws/install/tugbot_navigation/share/tugbot_navigation/environment/ament_prefix_path.sh
[3.402s] -- Symlinking: /home/soda/tugbot_ws/install/tugbot_navigation/share/tugbot_navigation/environment/ament_prefix_path.dsv
[3.418s] -- Symlinking: /home/soda/tugbot_ws/install/tugbot_navigation/share/tugbot_navigation/environment/path.sh
[3.438s] -- Symlinking: /home/soda/tugbot_ws/install/tugbot_navigation/share/tugbot_navigation/environment/path.dsv
[3.455s] -- Symlinking: /home/soda/tugbot_ws/install/tugbot_navigation/share/tugbot_navigation/local_setup.bash
[3.477s] -- Symlinking: /home/soda/tugbot_ws/install/tugbot_navigation/share/tugbot_navigation/local_setup.sh
[3.499s] -- Symlinking: /home/soda/tugbot_ws/install/tugbot_navigation/share/tugbot_navigation/local_setup.zsh
[3.513s] -- Symlinking: /home/soda/tugbot_ws/install/tugbot_navigation/share/tugbot_navigation/local_setup.dsv
[3.540s] -- Symlinking: /home/soda/tugbot_ws/install/tugbot_navigation/share/tugbot_navigation/package.dsv
[3.556s] -- Symlinking: /home/soda/tugbot_ws/install/tugbot_navigation/share/ament_index/resource_index/packages/tugbot_navigation
[3.591s] -- Symlinking: /home/soda/tugbot_ws/install/tugbot_navigation/share/tugbot_navigation/cmake/tugbot_navigationConfig.cmake
[3.613s] -- Symlinking: /home/soda/tugbot_ws/install/tugbot_navigation/share/tugbot_navigation/cmake/tugbot_navigationConfig-version.cmake
[3.632s] -- Symlinking: /home/soda/tugbot_ws/install/tugbot_navigation/share/tugbot_navigation/package.xml
[3.725s] Invoked command in '/home/soda/tugbot_ws/build/tugbot_navigation' returned '0': CMAKE_PREFIX_PATH=/opt/ros/humble /usr/bin/cmake --install /home/soda/tugbot_ws/build/tugbot_navigation
