[0.038s] Invoking command in '/home/soda/tugbot_ws/build/rf2o_laser_odometry': CMAKE_PREFIX_PATH=/opt/ros/humble /usr/bin/cmake /home/soda/tugbot_ws/src/rf2o_laser_odometry -DAMENT_CMAKE_SYMLINK_INSTALL=1 -DCMAKE_INSTALL_PREFIX=/home/soda/tugbot_ws/install/rf2o_laser_odometry
[0.148s] -- The C compiler identification is GNU 11.4.0
[0.281s] -- The CXX compiler identification is GNU 11.4.0
[0.296s] -- Detecting C compiler ABI info
[0.447s] -- Detecting C compiler ABI info - done
[0.457s] -- Check for working C compiler: /usr/bin/cc - skipped
[0.458s] -- Detecting C compile features
[0.459s] -- Detecting C compile features - done
[0.465s] -- Detecting CXX compiler ABI info
[0.641s] -- Detecting CXX compiler ABI info - done
[0.651s] -- Check for working CXX compiler: /usr/bin/c++ - skipped
[0.652s] -- Detecting CXX compile features
[0.654s] -- Detecting CXX compile features - done
[0.658s] -- Found ament_cmake: 1.3.9 (/opt/ros/humble/share/ament_cmake/cmake)
[2.594s] -- Found Python3: /usr/bin/python3 (found version "3.10.12") found components: Interpreter 
[2.787s] -- Override CMake install command with custom implementation using symlinks instead of copying resources
[2.836s] -- Found rclcpp: 16.0.9 (/opt/ros/humble/share/rclcpp/cmake)
[2.913s] -- Found rosidl_generator_c: 3.1.5 (/opt/ros/humble/share/rosidl_generator_c/cmake)
[2.921s] -- Found rosidl_adapter: 3.1.5 (/opt/ros/humble/share/rosidl_adapter/cmake)
[2.935s] -- Found rosidl_generator_cpp: 3.1.5 (/opt/ros/humble/share/rosidl_generator_cpp/cmake)
[2.960s] -- Using all available rosidl_typesupport_c: rosidl_typesupport_fastrtps_c;rosidl_typesupport_introspection_c
[2.995s] -- Using all available rosidl_typesupport_cpp: rosidl_typesupport_fastrtps_cpp;rosidl_typesupport_introspection_cpp
[3.124s] -- Found rmw_implementation_cmake: 6.1.2 (/opt/ros/humble/share/rmw_implementation_cmake/cmake)
[3.128s] -- Found rmw_fastrtps_cpp: 6.2.6 (/opt/ros/humble/share/rmw_fastrtps_cpp/cmake)
[3.343s] -- Found OpenSSL: /usr/lib/aarch64-linux-gnu/libcrypto.so (found version "3.0.2")  
[3.410s] -- Found FastRTPS: /opt/ros/humble/include  
[3.520s] -- Using RMW implementation 'rmw_fastrtps_cpp' as default
[3.544s] -- Looking for pthread.h
[3.716s] -- Looking for pthread.h - found
[3.716s] -- Performing Test CMAKE_HAVE_LIBC_PTHREAD
[3.882s] -- Performing Test CMAKE_HAVE_LIBC_PTHREAD - Success
[3.884s] -- Found Threads: TRUE  
[4.135s] -- Found geometry_msgs: 4.2.4 (/opt/ros/humble/share/geometry_msgs/cmake)
[4.203s] -- Found tf2_geometry_msgs: 0.25.7 (/opt/ros/humble/share/tf2_geometry_msgs/cmake)
[4.227s] -- Found eigen3_cmake_module: 0.1.1 (/opt/ros/humble/share/eigen3_cmake_module/cmake)
[4.229s] -- Found Eigen3: TRUE (found version "3.4.0") 
[4.229s] -- Ensuring Eigen3 include directory is part of orocos-kdl CMake target
[4.769s] -- Found sensor_msgs: 4.2.4 (/opt/ros/humble/share/sensor_msgs/cmake)
[4.896s] -- Found nav_msgs: 4.2.4 (/opt/ros/humble/share/nav_msgs/cmake)
[5.030s] -- Found Boost: /usr/lib/aarch64-linux-gnu/cmake/Boost-1.74.0/BoostConfig.cmake (found version "1.74.0")  
[5.229s] -- Configuring done
[5.264s] -- Generating done
[5.267s] -- Build files have been written to: /home/soda/tugbot_ws/build/rf2o_laser_odometry
[5.297s] Invoked command in '/home/soda/tugbot_ws/build/rf2o_laser_odometry' returned '0': CMAKE_PREFIX_PATH=/opt/ros/humble /usr/bin/cmake /home/soda/tugbot_ws/src/rf2o_laser_odometry -DAMENT_CMAKE_SYMLINK_INSTALL=1 -DCMAKE_INSTALL_PREFIX=/home/soda/tugbot_ws/install/rf2o_laser_odometry
[5.299s] Invoking command in '/home/soda/tugbot_ws/build/rf2o_laser_odometry': CMAKE_PREFIX_PATH=/opt/ros/humble /usr/bin/cmake --build /home/soda/tugbot_ws/build/rf2o_laser_odometry -- -j8 -l8
[5.402s] [ 60%] [32mBuilding CXX object CMakeFiles/rf2o_laser_odometry_node.dir/src/CLaserOdometry2D.cpp.o[0m
[5.402s] [ 60%] [32mBuilding CXX object CMakeFiles/rf2o_laser_odometry_node.dir/src/CLaserOdometry2DNode.cpp.o[0m
[5.403s] [ 60%] [32mBuilding CXX object CMakeFiles/rf2o_laser_odometry.dir/src/CLaserOdometry2D.cpp.o[0m
[6.122s] In file included from [01m[K/home/soda/tugbot_ws/src/rf2o_laser_odometry/include/rf2o_laser_odometry/CLaserOdometry2DNode.hpp:9[m[K,
[6.122s]                  from [01m[K/home/soda/tugbot_ws/src/rf2o_laser_odometry/src/CLaserOdometry2DNode.cpp:18[m[K:
[6.123s] [01m[K/opt/ros/humble/include/tf2_geometry_msgs/tf2_geometry_msgs/tf2_geometry_msgs.h:35:2:[m[K [01;35m[Kwarning: [m[K#warning This header is obsolete, please include tf2_geometry_msgs/tf2_geometry_msgs.hpp instead [[01;35m[K]8;;https://gcc.gnu.org/onlinedocs/gcc/Warning-Options.html#index-Wcpp-Wcpp]8;;[m[K]
[6.123s]    35 | #[01;35m[Kwarning[m[K This header is obsolete, please include tf2_geometry_msgs/tf2_geometry_msgs.hpp instead
[6.123s]       |  [01;35m[K^~~~~~~[m[K
[50.983s] [ 80%] [32m[1mLinking CXX executable rf2o_laser_odometry_node[0m
[51.013s] [100%] [32m[1mLinking CXX static library librf2o_laser_odometry.a[0m
[51.405s] [100%] Built target rf2o_laser_odometry
[53.635s] [100%] Built target rf2o_laser_odometry_node
[53.661s] Invoked command in '/home/soda/tugbot_ws/build/rf2o_laser_odometry' returned '0': CMAKE_PREFIX_PATH=/opt/ros/humble /usr/bin/cmake --build /home/soda/tugbot_ws/build/rf2o_laser_odometry -- -j8 -l8
[53.735s] Invoking command in '/home/soda/tugbot_ws/build/rf2o_laser_odometry': CMAKE_PREFIX_PATH=/opt/ros/humble /usr/bin/cmake --install /home/soda/tugbot_ws/build/rf2o_laser_odometry
[53.751s] -- Install configuration: ""
[53.752s] -- Execute custom install script
[53.752s] -- Symlinking: /home/soda/tugbot_ws/install/rf2o_laser_odometry/lib/rf2o_laser_odometry/rf2o_laser_odometry_node
[53.769s] -- Symlinking: /home/soda/tugbot_ws/install/rf2o_laser_odometry/share/rf2o_laser_odometry/launch/rf2o_laser_odometry.launch.py
[53.784s] -- Symlinking: /home/soda/tugbot_ws/install/rf2o_laser_odometry/share/ament_index/resource_index/package_run_dependencies/rf2o_laser_odometry
[53.808s] -- Symlinking: /home/soda/tugbot_ws/install/rf2o_laser_odometry/share/ament_index/resource_index/parent_prefix_path/rf2o_laser_odometry
[53.827s] -- Symlinking: /home/soda/tugbot_ws/install/rf2o_laser_odometry/share/rf2o_laser_odometry/environment/ament_prefix_path.sh
[53.844s] -- Symlinking: /home/soda/tugbot_ws/install/rf2o_laser_odometry/share/rf2o_laser_odometry/environment/ament_prefix_path.dsv
[53.864s] -- Symlinking: /home/soda/tugbot_ws/install/rf2o_laser_odometry/share/rf2o_laser_odometry/environment/path.sh
[53.882s] -- Symlinking: /home/soda/tugbot_ws/install/rf2o_laser_odometry/share/rf2o_laser_odometry/environment/path.dsv
[53.907s] -- Symlinking: /home/soda/tugbot_ws/install/rf2o_laser_odometry/share/rf2o_laser_odometry/local_setup.bash
[53.926s] -- Symlinking: /home/soda/tugbot_ws/install/rf2o_laser_odometry/share/rf2o_laser_odometry/local_setup.sh
[53.945s] -- Symlinking: /home/soda/tugbot_ws/install/rf2o_laser_odometry/share/rf2o_laser_odometry/local_setup.zsh
[53.965s] -- Symlinking: /home/soda/tugbot_ws/install/rf2o_laser_odometry/share/rf2o_laser_odometry/local_setup.dsv
[53.983s] -- Symlinking: /home/soda/tugbot_ws/install/rf2o_laser_odometry/share/rf2o_laser_odometry/package.dsv
[54.004s] -- Symlinking: /home/soda/tugbot_ws/install/rf2o_laser_odometry/share/ament_index/resource_index/packages/rf2o_laser_odometry
[54.025s] -- Symlinking: /home/soda/tugbot_ws/install/rf2o_laser_odometry/share/rf2o_laser_odometry/cmake/rf2o_laser_odometryConfig.cmake
[54.042s] -- Symlinking: /home/soda/tugbot_ws/install/rf2o_laser_odometry/share/rf2o_laser_odometry/cmake/rf2o_laser_odometryConfig-version.cmake
[54.063s] -- Symlinking: /home/soda/tugbot_ws/install/rf2o_laser_odometry/share/rf2o_laser_odometry/package.xml
[54.085s] Invoked command in '/home/soda/tugbot_ws/build/rf2o_laser_odometry' returned '0': CMAKE_PREFIX_PATH=/opt/ros/humble /usr/bin/cmake --install /home/soda/tugbot_ws/build/rf2o_laser_odometry
