-- The C compiler identification is GNU 11.4.0
-- The CXX compiler identification is GNU 11.4.0
-- Detecting C compiler ABI info
-- Detecting C compiler ABI info - done
-- Check for working C compiler: /usr/bin/cc - skipped
-- Detecting C compile features
-- Detecting C compile features - done
-- Detecting CXX compiler ABI info
-- Detecting CXX compiler ABI info - done
-- Check for working CXX compiler: /usr/bin/c++ - skipped
-- Detecting CXX compile features
-- Detecting CXX compile features - done
-- Found ament_cmake: 1.3.9 (/opt/ros/humble/share/ament_cmake/cmake)
-- Found Python3: /usr/bin/python3 (found version "3.10.12") found components: Interpreter 
-- Override CMake install command with custom implementation using symlinks instead of copying resources
-- Found geometry_msgs: 4.2.4 (/opt/ros/humble/share/geometry_msgs/cmake)
-- Found rosidl_generator_c: 3.1.5 (/opt/ros/humble/share/rosidl_generator_c/cmake)
-- Found rosidl_adapter: 3.1.5 (/opt/ros/humble/share/rosidl_adapter/cmake)
-- Found rosidl_generator_cpp: 3.1.5 (/opt/ros/humble/share/rosidl_generator_cpp/cmake)
-- Using all available rosidl_typesupport_c: rosidl_typesupport_fastrtps_c;rosidl_typesupport_introspection_c
-- Using all available rosidl_typesupport_cpp: rosidl_typesupport_fastrtps_cpp;rosidl_typesupport_introspection_cpp
-- Found nav_msgs: 4.2.4 (/opt/ros/humble/share/nav_msgs/cmake)
-- Found rclcpp: 16.0.9 (/opt/ros/humble/share/rclcpp/cmake)
-- Found rmw_implementation_cmake: 6.1.2 (/opt/ros/humble/share/rmw_implementation_cmake/cmake)
-- Found rmw_fastrtps_cpp: 6.2.6 (/opt/ros/humble/share/rmw_fastrtps_cpp/cmake)
-- Found OpenSSL: /usr/lib/aarch64-linux-gnu/libcrypto.so (found version "3.0.2")  
-- Found FastRTPS: /opt/ros/humble/include  
-- Using RMW implementation 'rmw_fastrtps_cpp' as default
-- Looking for pthread.h
-- Looking for pthread.h - found
-- Performing Test CMAKE_HAVE_LIBC_PTHREAD
-- Performing Test CMAKE_HAVE_LIBC_PTHREAD - Success
-- Found Threads: TRUE  
-- Found sensor_msgs: 4.2.4 (/opt/ros/humble/share/sensor_msgs/cmake)
-- Found tf2: 0.25.7 (/opt/ros/humble/share/tf2/cmake)
-- Configuring done
-- Generating done
-- Build files have been written to: /home/soda/tugbot_ws/build/tugbot_gazebo
-- Install configuration: ""
-- Execute custom install script
-- Symlinking: /home/soda/tugbot_ws/install/tugbot_gazebo/share/tugbot_gazebo//launch/tugbot_world.launch.py
-- Symlinking: /home/soda/tugbot_ws/install/tugbot_gazebo/share/ament_index/resource_index/package_run_dependencies/tugbot_gazebo
-- Symlinking: /home/soda/tugbot_ws/install/tugbot_gazebo/share/ament_index/resource_index/parent_prefix_path/tugbot_gazebo
-- Symlinking: /home/soda/tugbot_ws/install/tugbot_gazebo/share/tugbot_gazebo/environment/ament_prefix_path.sh
-- Symlinking: /home/soda/tugbot_ws/install/tugbot_gazebo/share/tugbot_gazebo/environment/ament_prefix_path.dsv
-- Symlinking: /home/soda/tugbot_ws/install/tugbot_gazebo/share/tugbot_gazebo/environment/path.sh
-- Symlinking: /home/soda/tugbot_ws/install/tugbot_gazebo/share/tugbot_gazebo/environment/path.dsv
-- Symlinking: /home/soda/tugbot_ws/install/tugbot_gazebo/share/tugbot_gazebo/local_setup.bash
-- Symlinking: /home/soda/tugbot_ws/install/tugbot_gazebo/share/tugbot_gazebo/local_setup.sh
-- Symlinking: /home/soda/tugbot_ws/install/tugbot_gazebo/share/tugbot_gazebo/local_setup.zsh
-- Symlinking: /home/soda/tugbot_ws/install/tugbot_gazebo/share/tugbot_gazebo/local_setup.dsv
-- Symlinking: /home/soda/tugbot_ws/install/tugbot_gazebo/share/tugbot_gazebo/package.dsv
-- Symlinking: /home/soda/tugbot_ws/install/tugbot_gazebo/share/ament_index/resource_index/packages/tugbot_gazebo
-- Symlinking: /home/soda/tugbot_ws/install/tugbot_gazebo/share/tugbot_gazebo/cmake/ament_cmake_export_dependencies-extras.cmake
-- Symlinking: /home/soda/tugbot_ws/install/tugbot_gazebo/share/tugbot_gazebo/cmake/tugbot_gazeboConfig.cmake
-- Symlinking: /home/soda/tugbot_ws/install/tugbot_gazebo/share/tugbot_gazebo/cmake/tugbot_gazeboConfig-version.cmake
-- Symlinking: /home/soda/tugbot_ws/install/tugbot_gazebo/share/tugbot_gazebo/package.xml
