[0.035s] Invoking command in '/home/soda/tugbot_ws/build/tugbot_gazebo': CMAKE_PREFIX_PATH=/opt/ros/humble /usr/bin/cmake /home/soda/tugbot_ws/src/tugbot_gazebo -DAMENT_CMAKE_SYMLINK_INSTALL=1 -DCMAKE_INSTALL_PREFIX=/home/soda/tugbot_ws/install/tugbot_gazebo
[0.179s] -- The C compiler identification is GNU 11.4.0
[0.307s] -- The CXX compiler identification is GNU 11.4.0
[0.318s] -- Detecting C compiler ABI info
[0.476s] -- Detecting C compiler ABI info - done
[0.487s] -- Check for working C compiler: /usr/bin/cc - skipped
[0.487s] -- Detecting C compile features
[0.487s] -- Detecting C compile features - done
[0.493s] -- Detecting CXX compiler ABI info
[0.717s] -- Detecting CXX compiler ABI info - done
[0.727s] -- Check for working CXX compiler: /usr/bin/c++ - skipped
[0.728s] -- Detecting CXX compile features
[0.728s] -- Detecting CXX compile features - done
[0.732s] -- Found ament_cmake: 1.3.9 (/opt/ros/humble/share/ament_cmake/cmake)
[2.524s] -- Found Python3: /usr/bin/python3 (found version "3.10.12") found components: Interpreter 
[2.723s] -- Override CMake install command with custom implementation using symlinks instead of copying resources
[2.777s] -- Found geometry_msgs: 4.2.4 (/opt/ros/humble/share/geometry_msgs/cmake)
[2.851s] -- Found rosidl_generator_c: 3.1.5 (/opt/ros/humble/share/rosidl_generator_c/cmake)
[2.859s] -- Found rosidl_adapter: 3.1.5 (/opt/ros/humble/share/rosidl_adapter/cmake)
[2.876s] -- Found rosidl_generator_cpp: 3.1.5 (/opt/ros/humble/share/rosidl_generator_cpp/cmake)
[2.900s] -- Using all available rosidl_typesupport_c: rosidl_typesupport_fastrtps_c;rosidl_typesupport_introspection_c
[2.945s] -- Using all available rosidl_typesupport_cpp: rosidl_typesupport_fastrtps_cpp;rosidl_typesupport_introspection_cpp
[3.152s] -- Found nav_msgs: 4.2.4 (/opt/ros/humble/share/nav_msgs/cmake)
[3.287s] -- Found rclcpp: 16.0.9 (/opt/ros/humble/share/rclcpp/cmake)
[3.391s] -- Found rmw_implementation_cmake: 6.1.2 (/opt/ros/humble/share/rmw_implementation_cmake/cmake)
[3.396s] -- Found rmw_fastrtps_cpp: 6.2.6 (/opt/ros/humble/share/rmw_fastrtps_cpp/cmake)
[3.663s] -- Found OpenSSL: /usr/lib/aarch64-linux-gnu/libcrypto.so (found version "3.0.2")  
[3.731s] -- Found FastRTPS: /opt/ros/humble/include  
[3.825s] -- Using RMW implementation 'rmw_fastrtps_cpp' as default
[3.842s] -- Looking for pthread.h
[3.970s] -- Looking for pthread.h - found
[3.971s] -- Performing Test CMAKE_HAVE_LIBC_PTHREAD
[4.114s] -- Performing Test CMAKE_HAVE_LIBC_PTHREAD - Success
[4.116s] -- Found Threads: TRUE  
[4.345s] -- Found sensor_msgs: 4.2.4 (/opt/ros/humble/share/sensor_msgs/cmake)
[4.470s] -- Found tf2: 0.25.7 (/opt/ros/humble/share/tf2/cmake)
[4.683s] -- Configuring done
[4.694s] -- Generating done
[4.696s] -- Build files have been written to: /home/soda/tugbot_ws/build/tugbot_gazebo
[4.720s] Invoked command in '/home/soda/tugbot_ws/build/tugbot_gazebo' returned '0': CMAKE_PREFIX_PATH=/opt/ros/humble /usr/bin/cmake /home/soda/tugbot_ws/src/tugbot_gazebo -DAMENT_CMAKE_SYMLINK_INSTALL=1 -DCMAKE_INSTALL_PREFIX=/home/soda/tugbot_ws/install/tugbot_gazebo
[4.723s] Invoking command in '/home/soda/tugbot_ws/build/tugbot_gazebo': CMAKE_PREFIX_PATH=/opt/ros/humble /usr/bin/cmake --build /home/soda/tugbot_ws/build/tugbot_gazebo -- -j8 -l8
[4.798s] Invoked command in '/home/soda/tugbot_ws/build/tugbot_gazebo' returned '0': CMAKE_PREFIX_PATH=/opt/ros/humble /usr/bin/cmake --build /home/soda/tugbot_ws/build/tugbot_gazebo -- -j8 -l8
[4.843s] Invoking command in '/home/soda/tugbot_ws/build/tugbot_gazebo': CMAKE_PREFIX_PATH=/opt/ros/humble /usr/bin/cmake --install /home/soda/tugbot_ws/build/tugbot_gazebo
[4.856s] -- Install configuration: ""
[4.856s] -- Execute custom install script
[4.857s] -- Symlinking: /home/soda/tugbot_ws/install/tugbot_gazebo/share/tugbot_gazebo//launch/tugbot_world.launch.py
[4.875s] -- Symlinking: /home/soda/tugbot_ws/install/tugbot_gazebo/share/ament_index/resource_index/package_run_dependencies/tugbot_gazebo
[4.892s] -- Symlinking: /home/soda/tugbot_ws/install/tugbot_gazebo/share/ament_index/resource_index/parent_prefix_path/tugbot_gazebo
[4.908s] -- Symlinking: /home/soda/tugbot_ws/install/tugbot_gazebo/share/tugbot_gazebo/environment/ament_prefix_path.sh
[4.922s] -- Symlinking: /home/soda/tugbot_ws/install/tugbot_gazebo/share/tugbot_gazebo/environment/ament_prefix_path.dsv
[4.942s] -- Symlinking: /home/soda/tugbot_ws/install/tugbot_gazebo/share/tugbot_gazebo/environment/path.sh
[4.958s] -- Symlinking: /home/soda/tugbot_ws/install/tugbot_gazebo/share/tugbot_gazebo/environment/path.dsv
[4.975s] -- Symlinking: /home/soda/tugbot_ws/install/tugbot_gazebo/share/tugbot_gazebo/local_setup.bash
[4.990s] -- Symlinking: /home/soda/tugbot_ws/install/tugbot_gazebo/share/tugbot_gazebo/local_setup.sh
[5.006s] -- Symlinking: /home/soda/tugbot_ws/install/tugbot_gazebo/share/tugbot_gazebo/local_setup.zsh
[5.024s] -- Symlinking: /home/soda/tugbot_ws/install/tugbot_gazebo/share/tugbot_gazebo/local_setup.dsv
[5.042s] -- Symlinking: /home/soda/tugbot_ws/install/tugbot_gazebo/share/tugbot_gazebo/package.dsv
[5.057s] -- Symlinking: /home/soda/tugbot_ws/install/tugbot_gazebo/share/ament_index/resource_index/packages/tugbot_gazebo
[5.076s] -- Symlinking: /home/soda/tugbot_ws/install/tugbot_gazebo/share/tugbot_gazebo/cmake/ament_cmake_export_dependencies-extras.cmake
[5.098s] -- Symlinking: /home/soda/tugbot_ws/install/tugbot_gazebo/share/tugbot_gazebo/cmake/tugbot_gazeboConfig.cmake
[5.115s] -- Symlinking: /home/soda/tugbot_ws/install/tugbot_gazebo/share/tugbot_gazebo/cmake/tugbot_gazeboConfig-version.cmake
[5.136s] -- Symlinking: /home/soda/tugbot_ws/install/tugbot_gazebo/share/tugbot_gazebo/package.xml
[5.155s] Invoked command in '/home/soda/tugbot_ws/build/tugbot_gazebo' returned '0': CMAKE_PREFIX_PATH=/opt/ros/humble /usr/bin/cmake --install /home/soda/tugbot_ws/build/tugbot_gazebo
